<?xml version="1.0" encoding="UTF-8"?>
<coverage generated="1669275049779" clover="3.2.0">
  <project timestamp="1669275049779" name="All files">
    <metrics statements="5" coveredstatements="2" conditionals="0" coveredconditionals="0" methods="3" coveredmethods="0" elements="8" coveredelements="2" complexity="0" loc="5" ncloc="5" packages="1" files="1" classes="1"/>
    <file name="calculator.js" path="C:\Users\Vivian\Documents\Coding\Code Like a Girl\Building APIS with NodeJS\package-manager-npm-demo\expenseTracker\calculator.js">
      <metrics statements="5" coveredstatements="2" conditionals="0" coveredconditionals="0" methods="3" coveredmethods="0"/>
      <line num="1" count="1" type="stmt"/>
      <line num="3" count="0" type="stmt"/>
      <line num="7" count="0" type="stmt"/>
      <line num="11" count="0" type="stmt"/>
      <line num="15" count="1" type="stmt"/>
    </file>
  </project>
</coverage>
